time="2026-03-13T21:02:29+03:00" level=warning msg="F:\\в•ЁР°в•Ёв–‘в•Ёв–’в•Ёв•ӣв•ӨР’в•Ёв–‘\\в•ЁРұв•Ёв•ӣв•Ёв•–в•Ёв–“в•Ёв•Ўв•Ёв•–в•Ёв”Өв•Ёв••в•Ёв•Ў\\Sobesedovanie59\\QtDataManager\\docker-compose.yml: the attribute `version` is obsolete, it will be ignored, please remove it to avoid potential confusion"
 Image qtdatamanager-app Building 
#1 [internal] load local bake definitions
#1 reading from stdin 613B 0.0s done
#1 DONE 0.0s

#2 [internal] load build definition from Dockerfile
#2 transferring dockerfile: 1.44kB done
#2 DONE 0.0s

#3 [internal] load metadata for docker.io/library/alpine:edge
#3 DONE 0.0s

#4 [internal] load .dockerignore
#4 transferring context: 195B done
#4 DONE 0.0s

#5 [1/6] FROM docker.io/library/alpine:edge
#5 CACHED

#6 [internal] load build context
#6 transferring context: 1.08kB done
#6 DONE 0.0s

#7 [2/6] RUN apk update && apk add --no-cache     qt6-qtbase-dev     qt6-qtbase-postgresql     qt6-qtdeclarative-dev     postgresql-dev     cmake     build-base     xvfb     qt6-qtbase-x11     libxcb     xcb-util     xcb-util-image     xcb-util-keysyms     xcb-util-renderutil     xcb-util-wm     libx11     libxext     libxrender     libxrandr     libxcursor     libxfixes     libxi     libxscrnsaver     mesa-gl     && rm -rf /var/cache/apk/*
#7 1.392 v20260127-2929-g4dc6f6081ee [https://dl-cdn.alpinelinux.org/alpine/edge/main]
#7 1.392 v20260127-2934-g397c1572d8a [https://dl-cdn.alpinelinux.org/alpine/edge/community]
#7 1.392 OK: 28415 distinct packages available
#7 2.432 (  1/319) Upgrading zlib (1.3.1-r2 -> 1.3.2-r0)
#7 2.499 (  2/319) Installing libgcc (15.2.0-r2)
#7 2.571 (  3/319) Installing jansson (2.15.0-r0)
#7 2.636 (  4/319) Installing libstdc++ (15.2.0-r2)
#7 2.824 (  5/319) Installing zstd-libs (1.5.7-r2)
#7 2.922 (  6/319) Installing binutils (2.45.1-r1)
#7 3.395 (  7/319) Installing libmagic (5.47-r1)
#7 3.601 (  8/319) Installing file (5.47-r1)
#7 3.666 (  9/319) Installing libgomp (15.2.0-r2)
#7 3.750 ( 10/319) Installing libatomic (15.2.0-r2)
#7 3.813 ( 11/319) Installing gmp (6.3.0-r4)
#7 3.906 ( 12/319) Installing isl26 (0.26-r2)
#7 4.110 ( 13/319) Installing mpfr4 (4.2.2-r0)
#7 4.218 ( 14/319) Installing mpc1 (1.3.1-r1)
#7 4.303 ( 15/319) Installing gcc (15.2.0-r2)
#7 36.15 ( 16/319) Installing libstdc++-dev (15.2.0-r2)
#7 39.79 ( 17/319) Installing musl-dev (1.2.5-r21)
#7 42.17 ( 18/319) Installing g++ (15.2.0-r2)
#7 51.04 ( 19/319) Installing make (4.4.1-r4)
#7 51.16 ( 20/319) Installing fortify-headers (3.0.1-r2)
#7 51.22 ( 21/319) Installing patch (2.8-r0)
#7 51.32 ( 22/319) Installing build-base (0.5-r4)
#7 51.32 ( 23/319) Installing acl-libs (2.3.2-r1)
#7 51.39 ( 24/319) Installing libbz2 (1.0.8-r6)
#7 51.46 ( 25/319) Installing libexpat (2.7.4-r0)
#7 51.56 ( 26/319) Installing lz4-libs (1.10.0-r1)
#7 51.65 ( 27/319) Installing xz-libs (5.8.2-r0)
#7 51.77 ( 28/319) Installing libarchive (3.8.5-r0)
#7 51.98 ( 29/319) Installing rhash-libs (1.4.6-r0)
#7 52.12 ( 30/319) Installing libuv (1.51.0-r0)
#7 52.24 ( 31/319) Installing cmake (4.2.3-r0)
#7 68.17 ( 32/319) Installing libxau (1.0.12-r0)
#7 68.23 ( 33/319) Installing libmd (1.1.0-r0)
#7 68.31 ( 34/319) Installing libbsd (0.12.2-r0)
#7 68.39 ( 35/319) Installing libxdmcp (1.1.5-r1)
#7 68.46 ( 36/319) Installing libxcb (1.17.0-r1)
#7 68.71 ( 37/319) Installing libx11 (1.8.13-r0)
#7 69.46 ( 38/319) Installing libxfixes (6.0.2-r0)
#7 69.52 ( 39/319) Installing libxrender (0.9.12-r0)
#7 69.60 ( 40/319) Installing libxcursor (1.2.3-r0)
#7 69.68 ( 41/319) Installing libxext (1.3.7-r0)
#7 69.77 ( 42/319) Installing libxi (1.8.2-r0)
#7 69.85 ( 43/319) Installing libxrandr (1.5.5-r0)
#7 69.92 ( 44/319) Installing libxscrnsaver (1.2.5-r0)
#7 69.98 ( 45/319) Installing libffi (3.5.2-r0)
#7 70.06 ( 46/319) Installing libxml2 (2.13.9-r0)
#7 70.47 ( 47/319) Installing llvm22-libs (22.1.1-r0)
#7 108.9 ( 48/319) Installing spirv-tools (1.4.341.0-r0)
#7 109.9 ( 49/319) Installing hwdata-pci (0.404-r0)
#7 110.2 ( 50/319) Installing libpciaccess (0.18.1-r1)
#7 110.2 ( 51/319) Installing libdrm (2.4.131-r0)
#7 110.4 ( 52/319) Installing libelf (0.194-r2)
#7 110.5 ( 53/319) Installing libxshmfence (1.3.3-r0)
#7 110.6 ( 54/319) Installing mesa (26.0.2-r0)
#7 119.8 ( 55/319) Installing libxxf86vm (1.1.7-r0)
#7 119.9 ( 56/319) Installing mesa-gl (26.0.2-r0)
#7 120.1 ( 57/319) Installing libpq (18.3-r0)
#7 120.2 ( 58/319) Installing pkgconf (2.5.1-r0)
#7 120.3 ( 59/319) Installing openssl-dev (3.5.5-r0)
#7 120.6 ( 60/319) Installing libpq-dev (18.3-r0)
#7 121.1 ( 61/319) Installing libecpg (18.3-r0)
#7 121.2 ( 62/319) Installing libecpg-dev (18.3-r0)
#7 121.5 ( 63/319) Installing liburing-ffi (2.14-r0)
#7 121.5 ( 64/319) Installing liburing (2.14-r0)
#7 121.6 ( 65/319) Installing liburing-dev (2.14-r0)
#7 121.7 ( 66/319) Installing clang22-headers (22.1.1-r0)
#7 122.4 ( 67/319) Installing clang22-libs (22.1.1-r0)
#7 139.9 ( 68/319) Installing llvm22-linker-tools (22.1.1-r0)
#7 140.0 ( 69/319) Installing clang22 (22.1.1-r0)
#7 140.2 ( 70/319) Installing icu-data-en (78.1-r0)
#7 140.5   Executing icu-data-en-78.1-r0.post-install
#7 140.5   * If you need ICU with non-English locales and legacy charset support, install
#7 140.5   * package icu-data-full.
#7 140.5 ( 71/319) Installing icu-libs (78.1-r0)
#7 141.1 ( 72/319) Installing icu (78.1-r0)
#7 141.2 ( 73/319) Installing icu-dev (78.1-r0)
#7 141.6 ( 74/319) Installing brotli-libs (1.2.0-r0)
#7 141.7 ( 75/319) Installing c-ares (1.34.6-r0)
#7 141.8 ( 76/319) Installing libunistring (1.4.1-r0)
#7 142.1 ( 77/319) Installing libidn2 (2.3.8-r0)
#7 142.2 ( 78/319) Installing nghttp2-libs (1.68.0-r0)
#7 142.3 ( 79/319) Installing libpsl (0.21.5-r3)
#7 142.3 ( 80/319) Installing libcurl (8.19.0-r0)
#7 142.5 ( 81/319) Installing llvm22 (22.1.1-r0)
#7 174.1 ( 82/319) Installing lz4-dev (1.10.0-r1)
#7 174.2 ( 83/319) Installing zstd (1.5.7-r2)
#7 174.3 ( 84/319) Installing zstd-dev (1.5.7-r2)
#7 174.4 ( 85/319) Installing postgresql18-dev (18.3-r0)
#7 176.4 ( 86/319) Installing tzdata (2026a-r0)
#7 176.6 ( 87/319) Installing libb2 (0.98.1-r3)
#7 176.7 ( 88/319) Installing dbus-libs (1.16.2-r1)
#7 176.9 ( 89/319) Installing double-conversion (3.4.0-r0)
#7 177.0 ( 90/319) Installing libintl (0.24.1-r1)
#7 177.1 ( 91/319) Installing libeconf (0.8.3-r0)
#7 177.1 ( 92/319) Installing libblkid (2.41.3-r0)
#7 177.3 ( 93/319) Installing libmount (2.41.3-r0)
#7 177.5 ( 94/319) Installing pcre2 (10.47-r0)
#7 177.9 ( 95/319) Installing glib (2.86.4-r0)
#7 179.8 ( 96/319) Installing libpcre2-16 (10.47-r0)
#7 180.2 ( 97/319) Installing duktape-libs (2.7.0-r3)
#7 180.4 ( 98/319) Installing libproxy (0.5.12-r0)
#7 180.4 ( 99/319) Installing qt6-qtbase (6.10.2-r2)
#7 184.5 (100/319) Installing mariadb-connector-c (3.4.6-r0)
#7 184.6 (101/319) Installing qt6-qtbase-mysql (6.10.2-r2)
#7 184.7 (102/319) Installing ncurses-terminfo-base (6.6_p20251231-r0)
#7 184.8 (103/319) Installing libncursesw (6.6_p20251231-r0)
#7 184.9 (104/319) Installing readline (8.3.3-r1)
#7 185.1 (105/319) Installing unixodbc (2.3.14-r1)
#7 185.3 (106/319) Installing qt6-qtbase-odbc (6.10.2-r2)
#7 185.4 (107/319) Installing qt6-qtbase-postgresql (6.10.2-r2)
#7 185.5 (108/319) Installing sqlite-libs (3.51.2-r1)
#7 186.1 (109/319) Installing qt6-qtbase-sqlite (6.10.2-r2)
#7 186.2 (110/319) Installing hicolor-icon-theme (0.18-r0)
#7 186.3 (111/319) Installing xprop (1.2.8-r0)
#7 186.4 (112/319) Installing libice (1.1.2-r0)
#7 186.5 (113/319) Installing libuuid (2.41.3-r0)
#7 186.6 (114/319) Installing libsm (1.2.6-r0)
#7 186.7 (115/319) Installing libxt (1.3.1-r0)
#7 186.8 (116/319) Installing libxmu (1.3.1-r0)
#7 186.9 (117/319) Installing xset (1.2.5-r1)
#7 187.0 (118/319) Installing xdg-utils (1.2.1-r1)
#7 187.1 (119/319) Installing mesa-gles (26.0.2-r0)
#7 187.1 (120/319) Installing mesa-gbm (26.0.2-r0)
#7 187.2 (121/319) Installing wayland-libs-client (1.24.0-r0)
#7 187.3 (122/319) Installing mesa-egl (26.0.2-r0)
#7 187.4 (123/319) Installing wayland-libs-cursor (1.24.0-r0)
#7 187.5 (124/319) Installing wayland-libs-egl (1.24.0-r0)
#7 187.5 (125/319) Installing xkeyboard-config (2.46-r0)
#7 187.9 (126/319) Installing libxkbcommon (1.12.2-r0)
#7 188.1 (127/319) Installing qt6-qtbase-wayland (6.10.2-r2)
#7 188.5 (128/319) Installing avahi-libs (0.8-r23)
#7 188.6 (129/319) Installing nettle (3.10.2-r0)
#7 188.8 (130/319) Installing libtasn1 (4.21.0-r0)
#7 188.9 (131/319) Installing p11-kit (0.25.5-r2)
#7 189.1 (132/319) Installing gnutls (3.8.12-r0)
#7 189.7 (133/319) Installing cups-libs (2.4.16-r0)
#7 189.9 (134/319) Installing libpng (1.6.55-r0)
#7 190.0 (135/319) Installing freetype (2.14.2-r0)
#7 190.3 (136/319) Installing fontconfig (2.17.1-r0)
#7 190.4 (137/319) Installing graphite2 (1.3.14-r6)
#7 190.5 (138/319) Installing harfbuzz (12.3.2-r0)
#7 190.9 (139/319) Installing libevdev (1.13.6-r0)
#7 191.0 (140/319) Installing mtdev (1.1.7-r0)
#7 191.0 (141/319) Installing eudev-libs (3.2.14-r6)
#7 191.1 (142/319) Installing libinput-libs (1.31.0-r0)
#7 191.2 (143/319) Installing libjpeg-turbo (3.1.3-r0)
#7 191.4 (144/319) Installing tslib (1.24-r0)
#7 191.5 (145/319) Installing xcb-util (0.4.1-r3)
#7 191.6 (146/319) Installing xcb-util-image (0.4.1-r0)
#7 191.6 (147/319) Installing xcb-util-renderutil (0.3.10-r0)
#7 191.7 (148/319) Installing xcb-util-cursor (0.1.5-r0)
#7 191.8 (149/319) Installing xcb-util-wm (0.4.2-r0)
#7 191.8 (150/319) Installing xcb-util-keysyms (0.4.1-r0)
#7 191.9 (151/319) Installing libxkbcommon-x11 (1.12.2-r0)
#7 192.0 (152/319) Installing qt6-qtbase-x11 (6.10.2-r2)
#7 196.4 (153/319) Installing at-spi2-core-libs (2.58.3-r0)
#7 196.5 (154/319) Installing libxtst (1.2.5-r0)
#7 196.6 (155/319) Installing at-spi2-core (2.58.3-r0)
#7 196.7 (156/319) Installing libatk-1.0 (2.58.3-r0)
#7 196.7 (157/319) Installing libatk-bridge-2.0 (2.58.3-r0)
#7 196.8 (158/319) Installing dbus-dev (1.16.2-r1)
#7 196.9 (159/319) Installing bzip2-dev (1.0.8-r6)
#7 196.9 (160/319) Installing libxml2-utils (2.13.9-r0)
#7 197.0 (161/319) Installing docbook-xml (4.5-r10)
#7 197.2   Executing docbook-xml-4.5-r10.post-install
#7 197.2 (162/319) Installing libxslt (1.1.43-r3)
#7 197.5 (163/319) Installing docbook-xsl-ns (1.79.2-r13)
#7 198.6   Executing docbook-xsl-ns-1.79.2-r13.post-install
#7 198.6 (164/319) Installing docbook-xsl-nons (1.79.2-r13)
#7 199.6   Executing docbook-xsl-nons-1.79.2-r13.post-install
#7 199.6 (165/319) Installing docbook-xsl (1.79.2-r13)
#7 199.6 (166/319) Installing xz (5.8.2-r0)
#7 199.7 (167/319) Installing gettext-asprintf (0.24.1-r1)
#7 199.8 (168/319) Installing gettext-libs (0.24.1-r1)
#7 200.0 (169/319) Installing gettext-envsubst (0.24.1-r1)
#7 200.1 (170/319) Installing gettext (0.24.1-r1)
#7 200.7 (171/319) Installing gettext-dev (0.24.1-r1)
#7 201.1 (172/319) Installing gdbm (1.26-r0)
#7 201.2 (173/319) Installing mpdecimal (4.0.1-r0)
#7 201.3 (174/319) Installing libpanelw (6.6_p20251231-r0)
#7 201.4 (175/319) Installing python3 (3.12.12-r0)
#7 205.4 (176/319) Installing python3-pycache-pyc0 (3.12.12-r0)
#7 207.0 (177/319) Installing pyc (3.12.12-r0)
#7 207.0 (178/319) Installing python3-pyc (3.12.12-r0)
#7 207.0 (179/319) Installing py3-parsing (3.3.2-r0)
#7 207.1 (180/319) Installing py3-parsing-pyc (3.3.2-r0)
#7 207.3 (181/319) Installing py3-packaging (26.0-r0)
#7 207.4 (182/319) Installing py3-packaging-pyc (26.0-r0)
#7 207.4 (183/319) Installing linux-headers (6.19.8-r0)
#7 208.1 (184/319) Installing libffi-dev (3.5.2-r0)
#7 208.2 (185/319) Installing bsd-compat-headers (0.7.2-r6)
#7 208.3 (186/319) Installing libformw (6.6_p20251231-r0)
#7 208.3 (187/319) Installing libmenuw (6.6_p20251231-r0)
#7 208.4 (188/319) Installing libncurses++ (6.6_p20251231-r0)
#7 208.5 (189/319) Installing ncurses-dev (6.6_p20251231-r0)
#7 208.6 (190/319) Installing libedit (20251016.3.1-r1)
#7 208.6 (191/319) Installing libedit-dev (20251016.3.1-r1)
#7 208.7 (192/319) Installing zlib-dev (1.3.2-r0)
#7 208.8 (193/319) Installing libpcre2-32 (10.47-r0)
#7 208.9 (194/319) Installing pcre2-dev (10.47-r0)
#7 209.0 (195/319) Installing libfdisk (2.41.3-r0)
#7 209.1 (196/319) Installing liblastlog2 (2.41.3-r0)
#7 209.1 (197/319) Installing libsmartcols (2.41.3-r0)
#7 209.2 (198/319) Installing sqlite (3.51.2-r1)
#7 209.7 (199/319) Installing sqlite-dev (3.51.2-r1)
#7 209.9 (200/319) Installing util-linux-dev (2.41.3-r0)
#7 209.9 (201/319) Installing glib-dev (2.86.4-r0)
#7 210.8 (202/319) Installing xorgproto (2025.1-r0)
#7 211.0 (203/319) Installing libxau-dev (1.0.12-r0)
#7 211.0 (204/319) Installing xcb-proto (1.17.0-r0)
#7 211.1 (205/319) Installing xcb-proto-pyc (1.17.0-r0)
#7 211.2 (206/319) Installing libxdmcp-dev (1.1.5-r1)
#7 211.3 (207/319) Installing libxcb-dev (1.17.0-r1)
#7 211.4 (208/319) Installing xtrans (1.6.0-r0)
#7 211.5 (209/319) Installing libx11-dev (1.8.13-r0)
#7 211.6 (210/319) Installing libxext-dev (1.3.7-r0)
#7 211.7 (211/319) Installing libxfixes-dev (6.0.2-r0)
#7 211.7 (212/319) Installing libxi-dev (1.8.2-r0)
#7 211.8 (213/319) Installing libxtst-dev (1.2.5-r0)
#7 211.9 (214/319) Installing at-spi2-core-dev (2.58.3-r0)
#7 212.1 (215/319) Installing libgpg-error (1.57-r0)
#7 212.1 (216/319) Installing libgcrypt (1.12.0-r0)
#7 212.5 (217/319) Installing libgpg-error-dev (1.57-r0)
#7 212.6 (218/319) Installing libgcrypt-dev (1.12.0-r0)
#7 212.7 (219/319) Installing gnutls-c++ (3.8.12-r0)
#7 212.7 (220/319) Installing libgmpxx (6.3.0-r4)
#7 212.8 (221/319) Installing gmp-dev (6.3.0-r4)
#7 212.9 (222/319) Installing nettle-dev (3.10.2-r0)
#7 213.0 (223/319) Installing brotli (1.2.0-r0)
#7 213.0 (224/319) Installing brotli-dev (1.2.0-r0)
#7 213.1 (225/319) Installing libidn2-dev (2.3.8-r0)
#7 213.2 (226/319) Installing libtasn1-progs (4.21.0-r0)
#7 213.2 (227/319) Installing libtasn1-dev (4.21.0-r0)
#7 213.3 (228/319) Installing p11-kit-dev (0.25.5-r2)
#7 213.4 (229/319) Installing gnutls-dev (3.8.12-r0)
#7 213.5 (230/319) Installing gdbm-tools (1.26-r0)
#7 213.6 (231/319) Installing gdbm-dev (1.26-r0)
#7 213.6 (232/319) Installing avahi-compat-howl (0.8-r23)
#7 213.7 (233/319) Installing avahi-compat-libdns_sd (0.8-r23)
#7 213.8 (234/319) Installing avahi-glib (0.8-r23)
#7 213.8 (235/319) Installing libcap2 (2.77-r0)
#7 213.9 (236/319) Installing libdaemon (0.14-r6)
#7 214.0 (237/319) Installing libevent (2.1.12-r8)
#7 214.2 (238/319) Installing avahi (0.8-r23)
#7 214.3   Executing avahi-0.8-r23.pre-install
#7 214.3 (239/319) Installing libevent-dev (2.1.12-r8)
#7 214.4 (240/319) Installing avahi-dev (0.8-r23)
#7 214.5 (241/319) Installing cups-dev (2.4.16-r0)
#7 214.6 (242/319) Installing double-conversion-dev (3.4.0-r0)
#7 214.7 (243/319) Installing eudev-dev (3.2.14-r6)
#7 215.2 (244/319) Installing expat (2.7.4-r0)
#7 215.2 (245/319) Installing expat-dev (2.7.4-r0)
#7 215.3 (246/319) Installing libpng-dev (1.6.55-r0)
#7 215.4 (247/319) Installing freetype-dev (2.14.2-r0)
#7 215.5 (248/319) Installing fontconfig-dev (2.17.1-r0)
#7 215.6 (249/319) Installing pixman (0.46.4-r0)
#7 215.8 (250/319) Installing cairo (1.18.4-r1)
#7 216.0 (251/319) Installing harfbuzz-cairo (12.3.2-r0)
#7 216.1 (252/319) Installing harfbuzz-gobject (12.3.2-r0)
#7 216.2 (253/319) Installing harfbuzz-icu (12.3.2-r0)
#7 216.2 (254/319) Installing harfbuzz-subset (12.3.2-r0)
#7 216.6 (255/319) Installing cairo-tools (1.18.4-r1)
#7 216.6 (256/319) Installing cairo-gobject (1.18.4-r1)
#7 216.7 (257/319) Installing pixman-dev (0.46.4-r0)
#7 216.8 (258/319) Installing libxrender-dev (0.9.12-r0)
#7 216.8 (259/319) Installing cairo-dev (1.18.4-r1)
#7 216.9 (260/319) Installing graphite2-dev (1.3.14-r6)
#7 217.0 (261/319) Installing harfbuzz-dev (12.3.2-r0)
#7 217.1 (262/319) Installing libb2-dev (0.98.1-r3)
#7 217.2 (263/319) Installing libinput-dev (1.31.0-r0)
#7 217.3 (264/319) Installing libturbojpeg (3.1.3-r0)
#7 217.5 (265/319) Installing libjpeg-turbo-dev (3.1.3-r0)
#7 217.5 (266/319) Installing libproxy-dev (0.5.12-r0)
#7 217.6 (267/319) Installing xz-dev (5.8.2-r0)
#7 217.7 (268/319) Installing libxml2-dev (2.13.9-r0)
#7 217.8 (269/319) Installing libxkbcommon-dev (1.12.2-r0)
#7 217.9 (270/319) Installing fmt (11.2.0-r1)
#7 218.0 (271/319) Installing fmt-dev (11.2.0-r1)
#7 218.1 (272/319) Installing mariadb-connector-c-dev (3.4.6-r0)
#7 218.2 (273/319) Installing mariadb-common (11.8.5-r1)
#7 218.6 (274/319) Installing libaio (0.3.113-r2)
#7 218.7 (275/319) Installing mariadb-embedded (11.8.5-r1)
#7 222.0 (276/319) Installing mariadb-dev (11.8.5-r1)
#7 222.8 (277/319) Installing libpciaccess-dev (0.18.1-r1)
#7 222.9 (278/319) Installing libdrm-dev (2.4.131-r0)
#7 223.0 (279/319) Installing libxdamage (1.1.7-r0)
#7 223.1 (280/319) Installing libxdamage-dev (1.1.7-r0)
#7 223.2 (281/319) Installing libxshmfence-dev (1.3.3-r0)
#7 223.2 (282/319) Installing libclc (22.1.1-r0)
#7 232.4 (283/319) Installing spirv-llvm-translator-libs (22.1.0-r0)
#7 233.3 (284/319) Installing mesa-rusticl (26.0.2-r0)
#7 238.0 (285/319) Installing libxxf86vm-dev (1.1.7-r0)
#7 238.1 (286/319) Installing mesa-dev (26.0.2-r0)
#7 238.3 (287/319) Installing tslib-dev (1.24-r0)
#7 238.3 (288/319) Installing unixodbc-dev (2.3.14-r1)
#7 238.4 (289/319) Installing vulkan-headers (1.4.321.0-r0)
#7 239.4 (290/319) Installing vulkan-loader (1.4.321.0-r0)
#7 239.5 (291/319) Installing vulkan-loader-dev (1.4.321.0-r0)
#7 239.6 (292/319) Installing wayland-libs-server (1.24.0-r0)
#7 239.7 (293/319) Installing qt6-qtsvg (6.10.2-r0)
#7 239.8 (294/319) Installing qt6-qtdeclarative (6.10.2-r1)
#7 244.5 (295/319) Installing qt6-qtwayland (6.10.2-r0)
#7 244.7 (296/319) Installing wayland-dev (1.24.0-r0)
#7 244.8 (297/319) Installing util-macros (1.20.2-r0)
#7 244.9 (298/319) Installing xcb-util-dev (0.4.1-r3)
#7 244.9 (299/319) Installing xcb-util-image-dev (0.4.1-r0)
#7 245.0 (300/319) Installing xcb-util-renderutil-dev (0.3.10-r0)
#7 245.0 (301/319) Installing xcb-util-cursor-dev (0.1.5-r0)
#7 245.1 (302/319) Installing xcb-util-keysyms-dev (0.4.1-r0)
#7 245.2 (303/319) Installing xcb-util-wm-dev (0.4.2-r0)
#7 245.2 (304/319) Installing qt6-qtbase-dev (6.10.2-r2)
#7 247.2 (305/319) Installing qt6-qtshadertools (6.10.2-r0)
#7 247.5 (306/319) Installing qt6-qtshadertools-dev (6.10.2-r0)
#7 247.6 (307/319) Installing qt6-qtsvg-dev (6.10.2-r0)
#7 247.7 (308/319) Installing qt6-qtdeclarative-dev (6.10.2-r1)
